Using pre-set license
Built from '2021.3/staging' branch; Version is '2021.3.30f1 (b4360d7cdac4) revision 11810317'; Using compiler version '192829333'; Build Type 'Release'
OS: 'Windows 10  (10.0.19045) 64bit Core' Language: 'pt' Physical Memory: 3739 MB
BatchMode: 1, IsHumanControllingUs: 0, StartBugReporterOnCrash: 0, Is64bit: 1, IsPro: 1

COMMAND LINE ARGUMENTS:
C:\Program Files\Unity\Hub\Editor\2021.3.30f1\Editor\Unity.exe
-adb2
-batchMode
-noUpm
-name
AssetImportWorker0
-projectPath
C:/Users/DiegoFernandes/Documents/Unity Projects/projeto-developer-adventure
-logFile
Logs/AssetImportWorker0.log
-srvPort
61385
Successfully changed project path to: C:/Users/DiegoFernandes/Documents/Unity Projects/projeto-developer-adventure
C:/Users/DiegoFernandes/Documents/Unity Projects/projeto-developer-adventure
[UnityMemory] Configuration Parameters - Can be set up in boot.config
    "memorysetup-bucket-allocator-granularity=16"
    "memorysetup-bucket-allocator-bucket-count=8"
    "memorysetup-bucket-allocator-block-size=33554432"
    "memorysetup-bucket-allocator-block-count=8"
    "memorysetup-main-allocator-block-size=16777216"
    "memorysetup-thread-allocator-block-size=16777216"
    "memorysetup-gfx-main-allocator-block-size=16777216"
    "memorysetup-gfx-thread-allocator-block-size=16777216"
    "memorysetup-cache-allocator-block-size=4194304"
    "memorysetup-typetree-allocator-block-size=2097152"
    "memorysetup-profiler-bucket-allocator-granularity=16"
    "memorysetup-profiler-bucket-allocator-bucket-count=8"
    "memorysetup-profiler-bucket-allocator-block-size=33554432"
    "memorysetup-profiler-bucket-allocator-block-count=8"
    "memorysetup-profiler-allocator-block-size=16777216"
    "memorysetup-profiler-editor-allocator-block-size=1048576"
    "memorysetup-temp-allocator-size-main=16777216"
    "memorysetup-job-temp-allocator-block-size=2097152"
    "memorysetup-job-temp-allocator-block-size-background=1048576"
    "memorysetup-job-temp-allocator-reduction-small-platforms=262144"
    "memorysetup-temp-allocator-size-background-worker=32768"
    "memorysetup-temp-allocator-size-job-worker=262144"
    "memorysetup-temp-allocator-size-preload-manager=33554432"
    "memorysetup-temp-allocator-size-nav-mesh-worker=65536"
    "memorysetup-temp-allocator-size-audio-worker=65536"
    "memorysetup-temp-allocator-size-cloud-worker=32768"
    "memorysetup-temp-allocator-size-gi-baking-worker=262144"
    "memorysetup-temp-allocator-size-gfx=262144"
Player connection [7120] Host "[IP] 26.210.198.12 [Port] 0 [Flags] 2 [Guid] 735511044 [EditorId] 735511044 [Version] 1048832 [Id] WindowsEditor(7,DiegooCookie-0109) [Debug] 1 [PackageName] WindowsEditor [ProjectName] Editor" joined multi-casting on [225.0.0.222:54997]...

Player connection [7120] Host "[IP] 26.210.198.12 [Port] 0 [Flags] 2 [Guid] 735511044 [EditorId] 735511044 [Version] 1048832 [Id] WindowsEditor(7,DiegooCookie-0109) [Debug] 1 [PackageName] WindowsEditor [ProjectName] Editor" joined alternative multi-casting on [225.0.0.222:34997]...

[Physics::Module] Initialized MultithreadedJobDispatcher with {0} workers.
Refreshing native plugins compatible for Editor in 355.43 ms, found 2 plugins.
Preloading 0 native plugins for Editor in 0.00 ms.
Initialize engine version: 2021.3.30f1 (b4360d7cdac4)
[Subsystems] Discovering subsystems at path C:/Program Files/Unity/Hub/Editor/2021.3.30f1/Editor/Data/Resources/UnitySubsystems
[Subsystems] Discovering subsystems at path C:/Users/DiegoFernandes/Documents/Unity Projects/projeto-developer-adventure/Assets
GfxDevice: creating device client; threaded=0; jobified=0
Direct3D:
    Version:  Direct3D 11.0 [level 11.1]
    Renderer: Intel(R) UHD Graphics 605 (ID=0x3184)
    Vendor:   Intel
    VRAM:     1869 MB
    Driver:   26.20.100.8141
Initialize mono
Mono path[0] = 'C:/Program Files/Unity/Hub/Editor/2021.3.30f1/Editor/Data/Managed'
Mono path[1] = 'C:/Program Files/Unity/Hub/Editor/2021.3.30f1/Editor/Data/MonoBleedingEdge/lib/mono/unityjit-win32'
Mono config path = 'C:/Program Files/Unity/Hub/Editor/2021.3.30f1/Editor/Data/MonoBleedingEdge/etc'
Using monoOptions --debugger-agent=transport=dt_socket,embedding=1,server=y,suspend=n,address=127.0.0.1:56868
Begin MonoManager ReloadAssembly
Registering precompiled unity dll's ...
Register platform support module: C:/Program Files/Unity/Hub/Editor/2021.3.30f1/Editor/Data/PlaybackEngines/WindowsStandaloneSupport/UnityEditor.WindowsStandalone.Extensions.dll
Registered in 0.030510 seconds.
Native extension for WindowsStandalone target not found
Refreshing native plugins compatible for Editor in 288.70 ms, found 2 plugins.
Preloading 0 native plugins for Editor in 0.00 ms.
Mono: successfully reloaded assembly
- Completed reload, in  2.133 seconds
Domain Reload Profiling:
	ReloadAssembly (2134ms)
		BeginReloadAssembly (447ms)
			ExecutionOrderSort (0ms)
			DisableScriptedObjects (0ms)
			BackupInstance (0ms)
			ReleaseScriptingObjects (0ms)
			CreateAndSetChildDomain (5ms)
		EndReloadAssembly (1355ms)
			LoadAssemblies (435ms)
			RebuildTransferFunctionScriptingTraits (11ms)
			SetupTypeCache (307ms)
			ReleaseScriptCaches (0ms)
			RebuildScriptCaches (75ms)
			SetupLoadedEditorAssemblies (798ms)
				LogAssemblyErrors (0ms)
				InitializePlatformSupportModulesInManaged (25ms)
				SetLoadedEditorAssemblies (1ms)
				RefreshPlugins (289ms)
				BeforeProcessingInitializeOnLoad (5ms)
				ProcessInitializeOnLoadAttributes (352ms)
				ProcessInitializeOnLoadMethodAttributes (125ms)
				AfterProcessingInitializeOnLoad (0ms)
				EditorAssembliesLoaded (1ms)
			ExecutionOrderSort2 (0ms)
			AwakeInstancesAfterBackupRestoration (0ms)
Platform modules already initialized, skipping
Registering precompiled user dll's ...
Registered in 0.019498 seconds.
Begin MonoManager ReloadAssembly
Native extension for WindowsStandalone target not found
Refreshing native plugins compatible for Editor in 291.02 ms, found 2 plugins.
Preloading 0 native plugins for Editor in 0.00 ms.
System.Exception: Error! Visual Scripting: couldn't find visual scripting package
  at Unity.VisualScripting.PackageVersionUtility.get_version () [0x00043] in C:\Users\DiegoFernandes\Documents\Unity Projects\projeto-developer-adventure\Library\PackageCache\com.unity.visualscripting@1.9.1\Editor\VisualScripting.Core\Utilities\PackageVersionUtility.cs:31 
  at Unity.VisualScripting.BoltCoreManifest.get_version () [0x00000] in C:\Users\DiegoFernandes\Documents\Unity Projects\projeto-developer-adventure\Library\PackageCache\com.unity.visualscripting@1.9.1\Editor\VisualScripting.Core\Plugin\BoltCoreManifest.cs:11 
  at Unity.VisualScripting.PluginManifest.get_currentVersion () [0x00000] in C:\Users\DiegoFernandes\Documents\Unity Projects\projeto-developer-adventure\Library\PackageCache\com.unity.visualscripting@1.9.1\Editor\VisualScripting.Core\Plugins\PluginManifest.cs:33 
  at Unity.VisualScripting.PluginManifest.get_versionMismatch () [0x00000] in C:\Users\DiegoFernandes\Documents\Unity Projects\projeto-developer-adventure\Library\PackageCache\com.unity.visualscripting@1.9.1\Editor\VisualScripting.Core\Plugins\PluginManifest.cs:48 
  at Unity.VisualScripting.PluginContainer.Initialize () [0x00525] in C:\Users\DiegoFernandes\Documents\Unity Projects\projeto-developer-adventure\Library\PackageCache\com.unity.visualscripting@1.9.1\Editor\VisualScripting.Core\Plugins\PluginContainer.cs:208 
  at Unity.VisualScripting.PluginContainer.InitializeOnLoad () [0x00009] in C:\Users\DiegoFernandes\Documents\Unity Projects\projeto-developer-adventure\Library\PackageCache\com.unity.visualscripting@1.9.1\Editor\VisualScripting.Core\Plugins\PluginContainer.cs:32 
  at Unity.VisualScripting.VSUsageUtility.DoInitializeOnLoadCalls () [0x00034] in C:\Users\DiegoFernandes\Documents\Unity Projects\projeto-developer-adventure\Library\PackageCache\com.unity.visualscripting@1.9.1\Editor\VisualScripting.Core\Utilities\VSUsageUtility.cs:76 
  at Unity.VisualScripting.VSUsageUtility.set_isVisualScriptingUsed (System.Boolean value) [0x0002c] in C:\Users\DiegoFernandes\Documents\Unity Projects\projeto-developer-adventure\Library\PackageCache\com.unity.visualscripting@1.9.1\Editor\VisualScripting.Core\Utilities\VSUsageUtility.cs:114 
  at Unity.VisualScripting.VSUsageUtility.CheckAndSetIsVisualScriptingUsed () [0x00032] in C:\Users\DiegoFernandes\Documents\Unity Projects\projeto-developer-adventure\Library\PackageCache\com.unity.visualscripting@1.9.1\Editor\VisualScripting.Core\Utilities\VSUsageUtility.cs:48 
  at Unity.VisualScripting.VSUsageUtility..cctor () [0x00000] in C:\Users\DiegoFernandes\Documents\Unity Projects\projeto-developer-adventure\Library\PackageCache\com.unity.visualscripting@1.9.1\Editor\VisualScripting.Core\Utilities\VSUsageUtility.cs:22 
UnityEngine.StackTraceUtility:ExtractStackTrace ()
UnityEngine.DebugLogHandler:LogFormat (UnityEngine.LogType,UnityEngine.Object,string,object[])
UnityEngine.Logger:Log (UnityEngine.LogType,object)
UnityEngine.Debug:LogError (object)
UnityEditor.EditorAssemblies:ProcessInitializeOnLoadAttributes (System.Type[])

Mono: successfully reloaded assembly
- Completed reload, in  4.758 seconds
Domain Reload Profiling:
	ReloadAssembly (4760ms)
		BeginReloadAssembly (539ms)
			ExecutionOrderSort (0ms)
			DisableScriptedObjects (17ms)
			BackupInstance (0ms)
			ReleaseScriptingObjects (0ms)
			CreateAndSetChildDomain (51ms)
		EndReloadAssembly (3909ms)
			LoadAssemblies (661ms)
			RebuildTransferFunctionScriptingTraits (0ms)
			SetupTypeCache (679ms)
			ReleaseScriptCaches (2ms)
			RebuildScriptCaches (243ms)
			SetupLoadedEditorAssemblies (2417ms)
				LogAssemblyErrors (0ms)
				InitializePlatformSupportModulesInManaged (16ms)
				SetLoadedEditorAssemblies (1ms)
				RefreshPlugins (291ms)
				BeforeProcessingInitializeOnLoad (353ms)
				ProcessInitializeOnLoadAttributes (1445ms)
				ProcessInitializeOnLoadMethodAttributes (281ms)
				AfterProcessingInitializeOnLoad (31ms)
				EditorAssembliesLoaded (1ms)
			ExecutionOrderSort2 (0ms)
			AwakeInstancesAfterBackupRestoration (20ms)
Platform modules already initialized, skipping
========================================================================
Worker process is ready to serve import requests
Launched and connected shader compiler UnityShaderCompiler.exe after 0.27 seconds
Refreshing native plugins compatible for Editor in 2.63 ms, found 2 plugins.
Preloading 0 native plugins for Editor in 0.00 ms.
Unloading 4938 Unused Serialized files (Serialized files now loaded: 0)
Unloading 33 unused Assets / (0.7 MB). Loaded Objects now: 5400.
Memory consumption went from 196.7 MB to 196.0 MB.
Total: 27.800300 ms (FindLiveObjects: 1.597100 ms CreateObjectMapping: 0.476100 ms MarkObjects: 24.947200 ms  DeleteObjects: 0.776600 ms)

AssetImportParameters requested are different than current active one (requested -> active):
  custom:video-decoder-ogg-theora: a1e56fd34408186e4bbccfd4996cb3dc -> 
  custom:container-muxer-webm: aa71ff27fc2769a1b78a27578f13a17b -> 
  custom:container-demuxer-webm: 4f35f7cbe854078d1ac9338744f61a02 -> 
  custom:video-encoder-webm-vp8: eb34c28f22e8b96e1ab97ce403110664 -> 
  custom:CustomObjectIndexerAttribute: 6b0e35c9178b02a6363f3721b7b8e397 -> 
  custom:audio-encoder-webm-vorbis: bf7c407c2cedff20999df2af8eb42d56 -> 
  custom:framework-win-MediaFoundation: 216162199b28c13a410421893ffa2e32 -> 
  custom:SearchIndexIgnoredProperties: e643bd26f0fe6173181afceb89e7c659 -> 
  custom:container-demuxer-ogg: 62fdf1f143b41e24485cea50d1cbac27 -> 
  custom:video-decoder-webm-vp8: 9c59270c3fd7afecdb556c50c9e8de78 -> 
  custom:audio-decoder-ogg-vorbis: bf7c407c2cedff20999df2af8eb42d56 -> 
========================================================================
Received Import Request.
  Time since last request: 1849.937817 seconds.
  path: Assets/Player.prefab
  artifactKey: Guid(b8d0c0e821814d1429bffd9fa40ffdb3) Importer(815301076,1909f56bfc062723c751e8b465ee728b)
Number of updated assets reloaded before import = 0
Start importing Assets/Player.prefab using Guid(b8d0c0e821814d1429bffd9fa40ffdb3) Importer(815301076,1909f56bfc062723c751e8b465ee728b)  -> (artifact id: '8d25db0d7fad78ce9122bbd5808abfd6') in 0.151168 seconds 
Number of asset objects unloaded after import = 4
========================================================================
Received Import Request.
  Time since last request: 7.592642 seconds.
  path: Assets/Player.prefab
  artifactKey: Guid(b8d0c0e821814d1429bffd9fa40ffdb3) Importer(815301076,1909f56bfc062723c751e8b465ee728b)
Number of updated assets reloaded before import = 0
Start importing Assets/Player.prefab using Guid(b8d0c0e821814d1429bffd9fa40ffdb3) Importer(815301076,1909f56bfc062723c751e8b465ee728b)  -> (artifact id: 'a0012c6868a4cb6e56e6699c9e056ed8') in 0.016853 seconds 
Number of asset objects unloaded after import = 6
========================================================================
Received Import Request.
  Time since last request: 12.619093 seconds.
  path: Assets/Graphics/Player
  artifactKey: Guid(d633ec6c240cb454695e8adaccc50bbe) Importer(815301076,1909f56bfc062723c751e8b465ee728b)
Number of updated assets reloaded before import = 0
Start importing Assets/Graphics/Player using Guid(d633ec6c240cb454695e8adaccc50bbe) Importer(815301076,1909f56bfc062723c751e8b465ee728b)  -> (artifact id: '770115507dd4c9fb7adb094e4314a125') in 0.007244 seconds 
Number of asset objects unloaded after import = 0
========================================================================
Received Import Request.
  Time since last request: 211.006564 seconds.
  path: Assets/Graphics/Player/Character_Dismanteled_Model.aseprite
  artifactKey: Guid(7ae7c62589abac041ab8b9b0bd872d58) Importer(815301076,1909f56bfc062723c751e8b465ee728b)
Number of updated assets reloaded before import = 0
Start importing Assets/Graphics/Player/Character_Dismanteled_Model.aseprite using Guid(7ae7c62589abac041ab8b9b0bd872d58) Importer(815301076,1909f56bfc062723c751e8b465ee728b)  -> (artifact id: 'beea6381cdde6f28ed3d2351fca82ae8') in 1.949129 seconds 
Number of asset objects unloaded after import = 7
========================================================================
Received Import Request.
  Time since last request: 107.039957 seconds.
  path: Assets/Graphics/Player/Player.prefab
  artifactKey: Guid(e6fcae7386faf2b42ad88c8ff2196f7c) Importer(815301076,1909f56bfc062723c751e8b465ee728b)
Number of updated assets reloaded before import = 0
Start importing Assets/Graphics/Player/Player.prefab using Guid(e6fcae7386faf2b42ad88c8ff2196f7c) Importer(815301076,1909f56bfc062723c751e8b465ee728b)  -> (artifact id: 'e9b639c61b95d2348e53dd1154bf7872') in 0.023896 seconds 
Number of asset objects unloaded after import = 4
========================================================================
Received Import Request.
  Time since last request: 17.473830 seconds.
  path: Assets/Graphics/Player/Player.prefab
  artifactKey: Guid(e6fcae7386faf2b42ad88c8ff2196f7c) Importer(815301076,1909f56bfc062723c751e8b465ee728b)
Number of updated assets reloaded before import = 0
Start importing Assets/Graphics/Player/Player.prefab using Guid(e6fcae7386faf2b42ad88c8ff2196f7c) Importer(815301076,1909f56bfc062723c751e8b465ee728b)  -> (artifact id: '0197298c170f840a66a57444cec7f74d') in 0.020654 seconds 
Number of asset objects unloaded after import = 5
========================================================================
Received Import Request.
  Time since last request: 10.801707 seconds.
  path: Assets/Graphics/Player/Player.prefab
  artifactKey: Guid(e6fcae7386faf2b42ad88c8ff2196f7c) Importer(815301076,1909f56bfc062723c751e8b465ee728b)
Number of updated assets reloaded before import = 0
Start importing Assets/Graphics/Player/Player.prefab using Guid(e6fcae7386faf2b42ad88c8ff2196f7c) Importer(815301076,1909f56bfc062723c751e8b465ee728b)  -> (artifact id: '4d4ad8d4cd6318eaf6185bd6603b39d9') in 0.056365 seconds 
Number of asset objects unloaded after import = 7
========================================================================
Received Import Request.
  Time since last request: 29.655704 seconds.
  path: Assets/Graphics/Player/Player.prefab
  artifactKey: Guid(e6fcae7386faf2b42ad88c8ff2196f7c) Importer(815301076,1909f56bfc062723c751e8b465ee728b)
Number of updated assets reloaded before import = 0
Start importing Assets/Graphics/Player/Player.prefab using Guid(e6fcae7386faf2b42ad88c8ff2196f7c) Importer(815301076,1909f56bfc062723c751e8b465ee728b)  -> (artifact id: '0882950698ab7b03637ac86b8ca57231') in 0.070240 seconds 
Number of asset objects unloaded after import = 7
========================================================================
Received Import Request.
  Time since last request: 116.941740 seconds.
  path: Assets/Graphics/Player/Character_Dismanteled_Model.aseprite
  artifactKey: Guid(7ae7c62589abac041ab8b9b0bd872d58) Importer(815301076,1909f56bfc062723c751e8b465ee728b)
Number of updated assets reloaded before import = 0
Start importing Assets/Graphics/Player/Character_Dismanteled_Model.aseprite using Guid(7ae7c62589abac041ab8b9b0bd872d58) Importer(815301076,1909f56bfc062723c751e8b465ee728b)  -> (artifact id: '1f3b7172a0cdad12076b6c27bb76de48') in 0.054538 seconds 
Number of asset objects unloaded after import = 7
========================================================================
Received Import Request.
  Time since last request: 0.000047 seconds.
  path: Assets/Graphics/Player/Player.prefab
  artifactKey: Guid(e6fcae7386faf2b42ad88c8ff2196f7c) Importer(815301076,1909f56bfc062723c751e8b465ee728b)
Number of updated assets reloaded before import = 0
Start importing Assets/Graphics/Player/Player.prefab using Guid(e6fcae7386faf2b42ad88c8ff2196f7c) Importer(815301076,1909f56bfc062723c751e8b465ee728b)  -> (artifact id: '5daecb78c6bc47c2f0b51c27d8d276ac') in 0.049917 seconds 
Number of asset objects unloaded after import = 7
========================================================================
Received Import Request.
  Time since last request: 3.466640 seconds.
  path: Assets/Graphics/Player/Character_Dismanteled_Model.aseprite
  artifactKey: Guid(7ae7c62589abac041ab8b9b0bd872d58) Importer(815301076,1909f56bfc062723c751e8b465ee728b)
Number of updated assets reloaded before import = 0
Start importing Assets/Graphics/Player/Character_Dismanteled_Model.aseprite using Guid(7ae7c62589abac041ab8b9b0bd872d58) Importer(815301076,1909f56bfc062723c751e8b465ee728b)  -> (artifact id: 'de3338b88269045c2318442d4c7ba7f8') in 0.039166 seconds 
Number of asset objects unloaded after import = 7
========================================================================
Received Import Request.
  Time since last request: 0.000058 seconds.
  path: Assets/Graphics/Player/Player.prefab
  artifactKey: Guid(e6fcae7386faf2b42ad88c8ff2196f7c) Importer(815301076,1909f56bfc062723c751e8b465ee728b)
Number of updated assets reloaded before import = 0
Start importing Assets/Graphics/Player/Player.prefab using Guid(e6fcae7386faf2b42ad88c8ff2196f7c) Importer(815301076,1909f56bfc062723c751e8b465ee728b)  -> (artifact id: '1eb3e8e020969a0cc66747de9fdd7574') in 0.025043 seconds 
Number of asset objects unloaded after import = 7
